
  .   ____          _            __ _ _
 /\\ / ___'_ __ _ _(_)_ __  __ _ \ \ \ \
( ( )\___ | '_ | '_| | '_ \/ _` | \ \ \ \
 \\/  ___)| |_)| | | | | || (_| |  ) ) ) )
  '  |____| .__|_| |_|_| |_\__, | / / / /
 =========|_|==============|___/=/_/_/_/
 :: Spring Boot ::                (v3.1.4)

2023-10-02T15:12:29.346+03:00  INFO 18088 --- [           main] com.example.pub.PubApplication           : Starting PubApplication v0.0.1-SNAPSHOT using Java 17.0.8 with PID 18088 (C:\Users\P2630\Documents\GitHub\Redis-Pub-Sub\pub\target\windows-service\redis-pub-ws.jar started by 2630NB$ in C:\Users\P2630\Documents\GitHub\Redis-Pub-Sub\pub\target\windows-service)
2023-10-02T15:12:29.348+03:00  INFO 18088 --- [           main] com.example.pub.PubApplication           : No active profile set, falling back to 1 default profile: "default"
2023-10-02T15:12:30.215+03:00  INFO 18088 --- [           main] .s.d.r.c.RepositoryConfigurationDelegate : Multiple Spring Data modules found, entering strict repository configuration mode
2023-10-02T15:12:30.220+03:00  INFO 18088 --- [           main] .s.d.r.c.RepositoryConfigurationDelegate : Bootstrapping Spring Data Redis repositories in DEFAULT mode.
2023-10-02T15:12:30.270+03:00  INFO 18088 --- [           main] .s.d.r.c.RepositoryConfigurationDelegate : Finished Spring Data repository scanning in 15 ms. Found 0 Redis repository interfaces.
2023-10-02T15:12:31.051+03:00  INFO 18088 --- [           main] o.s.b.w.embedded.tomcat.TomcatWebServer  : Tomcat initialized with port(s): 8080 (http)
2023-10-02T15:12:31.061+03:00  INFO 18088 --- [           main] o.apache.catalina.core.StandardService   : Starting service [Tomcat]
2023-10-02T15:12:31.061+03:00  INFO 18088 --- [           main] o.apache.catalina.core.StandardEngine    : Starting Servlet engine: [Apache Tomcat/10.1.13]
2023-10-02T15:12:31.164+03:00  INFO 18088 --- [           main] o.a.c.c.C.[Tomcat].[localhost].[/]       : Initializing Spring embedded WebApplicationContext
2023-10-02T15:12:31.166+03:00  INFO 18088 --- [           main] w.s.c.ServletWebServerApplicationContext : Root WebApplicationContext: initialization completed in 1726 ms
2023-10-02T15:12:32.211+03:00  INFO 18088 --- [           main] o.s.b.w.embedded.tomcat.TomcatWebServer  : Tomcat started on port(s): 8080 (http) with context path ''
2023-10-02T15:12:32.227+03:00  INFO 18088 --- [           main] com.example.pub.PubApplication           : Started PubApplication in 3.361 seconds (process running for 3.906)
2023-10-02T15:12:43.041+03:00  INFO 18088 --- [nio-8080-exec-1] o.a.c.c.C.[Tomcat].[localhost].[/]       : Initializing Spring DispatcherServlet 'dispatcherServlet'
2023-10-02T15:12:43.042+03:00  INFO 18088 --- [nio-8080-exec-1] o.s.web.servlet.DispatcherServlet        : Initializing Servlet 'dispatcherServlet'
2023-10-02T15:12:43.044+03:00  INFO 18088 --- [nio-8080-exec-1] o.s.web.servlet.DispatcherServlet        : Completed initialization in 1 ms
2023-10-02T15:12:43.165+03:00  INFO 18088 --- [nio-8080-exec-1] com.example.pub.service.PublishService   : Sending message Sync: Product{productId=null, productName='urun', quantity='10'}
2023-10-02T15:28:02.154+03:00  INFO 18088 --- [nio-8080-exec-5] com.example.pub.service.PublishService   : Sending message Sync: Product{productId=null, productName='urun', quantity='10'}
2023-10-02T15:30:18.173+03:00  INFO 18088 --- [nio-8080-exec-8] com.example.pub.service.PublishService   : Sending message Sync: Product{productId=null, productName='urun', quantity='10'}

  .   ____          _            __ _ _
 /\\ / ___'_ __ _ _(_)_ __  __ _ \ \ \ \
( ( )\___ | '_ | '_| | '_ \/ _` | \ \ \ \
 \\/  ___)| |_)| | | | | || (_| |  ) ) ) )
  '  |____| .__|_| |_|_| |_\__, | / / / /
 =========|_|==============|___/=/_/_/_/
 :: Spring Boot ::                (v3.1.4)

2023-10-02T17:37:00.992+03:00  INFO 15908 --- [           main] com.example.pub.PubApplication           : Starting PubApplication v0.0.1-SNAPSHOT using Java 17.0.8 with PID 15908 (C:\Users\P2630\Documents\GitHub\Redis-Pub-Sub\pub\target\windows-service\redis-pub-ws.jar started by 2630NB$ in C:\Users\P2630\Documents\GitHub\Redis-Pub-Sub\pub\target\windows-service)
2023-10-02T17:37:00.995+03:00  INFO 15908 --- [           main] com.example.pub.PubApplication           : No active profile set, falling back to 1 default profile: "default"
2023-10-02T17:37:01.901+03:00  INFO 15908 --- [           main] .s.d.r.c.RepositoryConfigurationDelegate : Multiple Spring Data modules found, entering strict repository configuration mode
2023-10-02T17:37:01.904+03:00  INFO 15908 --- [           main] .s.d.r.c.RepositoryConfigurationDelegate : Bootstrapping Spring Data Redis repositories in DEFAULT mode.
2023-10-02T17:37:01.944+03:00  INFO 15908 --- [           main] .s.d.r.c.RepositoryConfigurationDelegate : Finished Spring Data repository scanning in 18 ms. Found 0 Redis repository interfaces.
2023-10-02T17:37:02.347+03:00  WARN 15908 --- [           main] ConfigServletWebServerApplicationContext : Exception encountered during context initialization - cancelling refresh attempt: org.springframework.context.ApplicationContextException: Unable to start web server
2023-10-02T17:37:02.357+03:00  INFO 15908 --- [           main] .s.b.a.l.ConditionEvaluationReportLogger : 

Error starting ApplicationContext. To display the condition evaluation report re-run your application with 'debug' enabled.
2023-10-02T17:37:02.385+03:00 ERROR 15908 --- [           main] o.s.b.d.LoggingFailureAnalysisReporter   : 

***************************
APPLICATION FAILED TO START
***************************

Description:

Failed to bind properties under 'server.port' to java.lang.Integer:

    Property: server.port
    Value: "%8083%"
    Origin: System Environment Property "SERVER_PORT"
    Reason: failed to convert java.lang.String to java.lang.Integer (caused by java.lang.NumberFormatException: For input string: "%8083%")

Action:

Update your application's configuration


  .   ____          _            __ _ _
 /\\ / ___'_ __ _ _(_)_ __  __ _ \ \ \ \
( ( )\___ | '_ | '_| | '_ \/ _` | \ \ \ \
 \\/  ___)| |_)| | | | | || (_| |  ) ) ) )
  '  |____| .__|_| |_|_| |_\__, | / / / /
 =========|_|==============|___/=/_/_/_/
 :: Spring Boot ::                (v3.1.4)

2023-10-02T17:38:51.179+03:00  INFO 19816 --- [           main] com.example.pub.PubApplication           : Starting PubApplication v0.0.1-SNAPSHOT using Java 17.0.8 with PID 19816 (C:\Users\P2630\Documents\GitHub\Redis-Pub-Sub\pub\target\windows-service\redis-pub-ws.jar started by 2630NB$ in C:\Users\P2630\Documents\GitHub\Redis-Pub-Sub\pub\target\windows-service)
2023-10-02T17:38:51.183+03:00  INFO 19816 --- [           main] com.example.pub.PubApplication           : No active profile set, falling back to 1 default profile: "default"
2023-10-02T17:38:52.051+03:00  INFO 19816 --- [           main] .s.d.r.c.RepositoryConfigurationDelegate : Multiple Spring Data modules found, entering strict repository configuration mode
2023-10-02T17:38:52.054+03:00  INFO 19816 --- [           main] .s.d.r.c.RepositoryConfigurationDelegate : Bootstrapping Spring Data Redis repositories in DEFAULT mode.
2023-10-02T17:38:52.092+03:00  INFO 19816 --- [           main] .s.d.r.c.RepositoryConfigurationDelegate : Finished Spring Data repository scanning in 16 ms. Found 0 Redis repository interfaces.
2023-10-02T17:38:52.817+03:00  INFO 19816 --- [           main] o.s.b.w.embedded.tomcat.TomcatWebServer  : Tomcat initialized with port(s): 8080 (http)
2023-10-02T17:38:52.831+03:00  INFO 19816 --- [           main] o.apache.catalina.core.StandardService   : Starting service [Tomcat]
2023-10-02T17:38:52.831+03:00  INFO 19816 --- [           main] o.apache.catalina.core.StandardEngine    : Starting Servlet engine: [Apache Tomcat/10.1.13]
2023-10-02T17:38:52.930+03:00  INFO 19816 --- [           main] o.a.c.c.C.[Tomcat].[localhost].[/]       : Initializing Spring embedded WebApplicationContext
2023-10-02T17:38:52.931+03:00  INFO 19816 --- [           main] w.s.c.ServletWebServerApplicationContext : Root WebApplicationContext: initialization completed in 1660 ms
2023-10-02T17:38:53.024+03:00  WARN 19816 --- [           main] ConfigServletWebServerApplicationContext : Exception encountered during context initialization - cancelling refresh attempt: org.springframework.beans.factory.UnsatisfiedDependencyException: Error creating bean with name 'redisController' defined in URL [jar:file:/C:/Users/P2630/Documents/GitHub/Redis-Pub-Sub/pub/target/windows-service/redis-pub-ws.jar!/BOOT-INF/classes!/com/example/pub/controller/RedisController.class]: Unsatisfied dependency expressed through constructor parameter 0: Error creating bean with name 'publishService' defined in URL [jar:file:/C:/Users/P2630/Documents/GitHub/Redis-Pub-Sub/pub/target/windows-service/redis-pub-ws.jar!/BOOT-INF/classes!/com/example/pub/service/PublishService.class]: Unsatisfied dependency expressed through constructor parameter 0: Error creating bean with name 'redisTemplate' defined in class path resource [com/example/pub/config/RedisConfig.class]: Unsatisfied dependency expressed through method 'redisTemplate' parameter 0: Error creating bean with name 'org.springframework.boot.autoconfigure.data.redis.LettuceConnectionConfiguration': Unsatisfied dependency expressed through constructor parameter 0: Error creating bean with name 'spring.data.redis-org.springframework.boot.autoconfigure.data.redis.RedisProperties': Could not bind properties to 'RedisProperties' : prefix=spring.data.redis, ignoreInvalidFields=false, ignoreUnknownFields=true
2023-10-02T17:38:53.027+03:00  INFO 19816 --- [           main] o.apache.catalina.core.StandardService   : Stopping service [Tomcat]
2023-10-02T17:38:53.041+03:00  INFO 19816 --- [           main] .s.b.a.l.ConditionEvaluationReportLogger : 

Error starting ApplicationContext. To display the condition evaluation report re-run your application with 'debug' enabled.
2023-10-02T17:38:53.074+03:00 ERROR 19816 --- [           main] o.s.b.d.LoggingFailureAnalysisReporter   : 

***************************
APPLICATION FAILED TO START
***************************

Description:

Failed to bind properties under 'spring.data.redis.port' to int:

    Property: spring.data.redis.port
    Value: "%6379%"
    Origin: System Environment Property "SPRING_DATA_REDIS_PORT"
    Reason: failed to convert java.lang.String to int (caused by java.lang.NumberFormatException: For input string: "%6379%")

Action:

Update your application's configuration


  .   ____          _            __ _ _
 /\\ / ___'_ __ _ _(_)_ __  __ _ \ \ \ \
( ( )\___ | '_ | '_| | '_ \/ _` | \ \ \ \
 \\/  ___)| |_)| | | | | || (_| |  ) ) ) )
  '  |____| .__|_| |_|_| |_\__, | / / / /
 =========|_|==============|___/=/_/_/_/
 :: Spring Boot ::                (v3.1.4)

2023-10-02T17:40:52.879+03:00  INFO 18752 --- [           main] com.example.pub.PubApplication           : Starting PubApplication v0.0.1-SNAPSHOT using Java 17.0.8 with PID 18752 (C:\Users\P2630\Documents\GitHub\Redis-Pub-Sub\pub\target\windows-service\redis-pub-ws.jar started by 2630NB$ in C:\Users\P2630\Documents\GitHub\Redis-Pub-Sub\pub\target\windows-service)
2023-10-02T17:40:52.881+03:00  INFO 18752 --- [           main] com.example.pub.PubApplication           : No active profile set, falling back to 1 default profile: "default"
2023-10-02T17:40:53.719+03:00  INFO 18752 --- [           main] .s.d.r.c.RepositoryConfigurationDelegate : Multiple Spring Data modules found, entering strict repository configuration mode
2023-10-02T17:40:53.721+03:00  INFO 18752 --- [           main] .s.d.r.c.RepositoryConfigurationDelegate : Bootstrapping Spring Data Redis repositories in DEFAULT mode.
2023-10-02T17:40:53.756+03:00  INFO 18752 --- [           main] .s.d.r.c.RepositoryConfigurationDelegate : Finished Spring Data repository scanning in 14 ms. Found 0 Redis repository interfaces.
2023-10-02T17:40:54.501+03:00  INFO 18752 --- [           main] o.s.b.w.embedded.tomcat.TomcatWebServer  : Tomcat initialized with port(s): 8080 (http)
2023-10-02T17:40:54.511+03:00  INFO 18752 --- [           main] o.apache.catalina.core.StandardService   : Starting service [Tomcat]
2023-10-02T17:40:54.511+03:00  INFO 18752 --- [           main] o.apache.catalina.core.StandardEngine    : Starting Servlet engine: [Apache Tomcat/10.1.13]
2023-10-02T17:40:54.606+03:00  INFO 18752 --- [           main] o.a.c.c.C.[Tomcat].[localhost].[/]       : Initializing Spring embedded WebApplicationContext
2023-10-02T17:40:54.606+03:00  INFO 18752 --- [           main] w.s.c.ServletWebServerApplicationContext : Root WebApplicationContext: initialization completed in 1646 ms
2023-10-02T17:40:55.699+03:00  INFO 18752 --- [           main] o.s.b.w.embedded.tomcat.TomcatWebServer  : Tomcat started on port(s): 8080 (http) with context path ''
2023-10-02T17:40:55.715+03:00  INFO 18752 --- [           main] com.example.pub.PubApplication           : Started PubApplication in 3.316 seconds (process running for 3.864)
2023-10-02T17:41:13.464+03:00  INFO 18752 --- [nio-8080-exec-1] o.a.c.c.C.[Tomcat].[localhost].[/]       : Initializing Spring DispatcherServlet 'dispatcherServlet'
2023-10-02T17:41:13.464+03:00  INFO 18752 --- [nio-8080-exec-1] o.s.web.servlet.DispatcherServlet        : Initializing Servlet 'dispatcherServlet'
2023-10-02T17:41:13.465+03:00  INFO 18752 --- [nio-8080-exec-1] o.s.web.servlet.DispatcherServlet        : Completed initialization in 1 ms
2023-10-02T17:41:13.598+03:00  INFO 18752 --- [nio-8080-exec-1] com.example.pub.service.PublishService   : Sending message Sync: Product{productId=null, productName='urun', quantity='10'}

  .   ____          _            __ _ _
 /\\ / ___'_ __ _ _(_)_ __  __ _ \ \ \ \
( ( )\___ | '_ | '_| | '_ \/ _` | \ \ \ \
 \\/  ___)| |_)| | | | | || (_| |  ) ) ) )
  '  |____| .__|_| |_|_| |_\__, | / / / /
 =========|_|==============|___/=/_/_/_/
 :: Spring Boot ::                (v3.1.4)

2023-10-02T17:50:49.938+03:00  INFO 8300 --- [           main] com.example.pub.PubApplication           : Starting PubApplication v0.0.1-SNAPSHOT using Java 17.0.8 with PID 8300 (C:\Users\P2630\Documents\GitHub\Redis-Pub-Sub\pub\target\windows-service\redis-pub-ws.jar started by 2630NB$ in C:\Users\P2630\Documents\GitHub\Redis-Pub-Sub\pub\target\windows-service)
2023-10-02T17:50:49.943+03:00  INFO 8300 --- [           main] com.example.pub.PubApplication           : No active profile set, falling back to 1 default profile: "default"
2023-10-02T17:50:50.880+03:00  INFO 8300 --- [           main] .s.d.r.c.RepositoryConfigurationDelegate : Multiple Spring Data modules found, entering strict repository configuration mode
2023-10-02T17:50:50.885+03:00  INFO 8300 --- [           main] .s.d.r.c.RepositoryConfigurationDelegate : Bootstrapping Spring Data Redis repositories in DEFAULT mode.
2023-10-02T17:50:50.923+03:00  INFO 8300 --- [           main] .s.d.r.c.RepositoryConfigurationDelegate : Finished Spring Data repository scanning in 15 ms. Found 0 Redis repository interfaces.
2023-10-02T17:50:51.634+03:00  INFO 8300 --- [           main] o.s.b.w.embedded.tomcat.TomcatWebServer  : Tomcat initialized with port(s): 8080 (http)
2023-10-02T17:50:51.644+03:00  INFO 8300 --- [           main] o.apache.catalina.core.StandardService   : Starting service [Tomcat]
2023-10-02T17:50:51.644+03:00  INFO 8300 --- [           main] o.apache.catalina.core.StandardEngine    : Starting Servlet engine: [Apache Tomcat/10.1.13]
2023-10-02T17:50:51.744+03:00  INFO 8300 --- [           main] o.a.c.c.C.[Tomcat].[localhost].[/]       : Initializing Spring embedded WebApplicationContext
2023-10-02T17:50:51.746+03:00  INFO 8300 --- [           main] w.s.c.ServletWebServerApplicationContext : Root WebApplicationContext: initialization completed in 1652 ms
2023-10-02T17:50:52.812+03:00  INFO 8300 --- [           main] o.s.b.w.embedded.tomcat.TomcatWebServer  : Tomcat started on port(s): 8080 (http) with context path ''
2023-10-02T17:50:52.829+03:00  INFO 8300 --- [           main] com.example.pub.PubApplication           : Started PubApplication in 3.811 seconds (process running for 4.993)
2023-10-02T17:52:49.976+03:00  INFO 8300 --- [nio-8080-exec-1] o.a.c.c.C.[Tomcat].[localhost].[/]       : Initializing Spring DispatcherServlet 'dispatcherServlet'
2023-10-02T17:52:49.977+03:00  INFO 8300 --- [nio-8080-exec-1] o.s.web.servlet.DispatcherServlet        : Initializing Servlet 'dispatcherServlet'
2023-10-02T17:52:49.978+03:00  INFO 8300 --- [nio-8080-exec-1] o.s.web.servlet.DispatcherServlet        : Completed initialization in 1 ms
2023-10-02T17:52:50.114+03:00  INFO 8300 --- [nio-8080-exec-1] com.example.pub.service.PublishService   : Sending message Sync: Product{productId=null, productName='urun', quantity='10'}
